2025-08-16 14:37:42,531 - INFO - 🚀 STARTING PHASE 6.1: PERFORMANCE BASELINE & ANALYSIS
2025-08-16 14:37:42,532 - INFO - ================================================================================
2025-08-16 14:37:42,532 - INFO - Ensured directory exists: logs
2025-08-16 14:37:42,532 - INFO - Ensured directory exists: scripts/performance
2025-08-16 14:37:42,532 - INFO - Ensured directory exists: reports/phase6_1
2025-08-16 14:37:42,533 - INFO - ============================================================
2025-08-16 14:37:42,533 - INFO - STEP 1: GENERATING LOAD TEST DATA
2025-08-16 14:37:42,533 - INFO - ============================================================
2025-08-16 14:37:43,504 - ERROR - ❌ Load test data generation failed: No module named 'src.database_config'
2025-08-16 14:37:43,505 - INFO - ============================================================
2025-08-16 14:37:43,505 - INFO - STEP 2: RUNNING PERFORMANCE BASELINE TESTS
2025-08-16 14:37:43,505 - INFO - ============================================================
2025-08-16 14:37:43,550 - ERROR - ❌ Performance baseline testing failed: No module named 'src.database_config'
2025-08-16 14:37:43,551 - INFO - ============================================================
2025-08-16 14:37:43,551 - INFO - STEP 3: ANALYZING DATABASE QUERIES
2025-08-16 14:37:43,551 - INFO - ============================================================
2025-08-16 14:37:43,562 - ERROR - ❌ Database analysis failed: No module named 'src.database_config'
2025-08-16 14:37:43,562 - INFO - ============================================================
2025-08-16 14:37:43,562 - INFO - STEP 4: GENERATING SUMMARY REPORT
2025-08-16 14:37:43,562 - INFO - ============================================================
2025-08-16 14:37:43,563 - INFO - ✅ Summary report generated: reports/phase6_1/phase6_1_summary_20250816_143743.txt
2025-08-16 14:37:43,564 - INFO - ================================================================================
2025-08-16 14:37:43,564 - INFO - PHASE 6.1 COMPLETION SUMMARY
2025-08-16 14:37:43,564 - INFO - ================================================================================
2025-08-16 14:37:43,564 - INFO - Start Time: 2025-08-16T14:37:42.532380
2025-08-16 14:37:43,564 - INFO - End Time: 2025-08-16T14:37:43.564100
2025-08-16 14:37:43,564 - INFO - Duration: 0:00:01.031720
2025-08-16 14:37:43,564 - INFO - Successful Steps: 1/4
2025-08-16 14:37:43,564 - INFO - Success Rate: 25.0%
2025-08-16 14:37:43,565 - INFO - 
2025-08-16 14:37:43,565 - INFO - Load Test Data: ❌ FAIL
2025-08-16 14:37:43,565 - INFO - Performance Baseline: ❌ FAIL
2025-08-16 14:37:43,565 - INFO - Database Analysis: ❌ FAIL
2025-08-16 14:37:43,565 - INFO - Summary Report: ✅ PASS
2025-08-16 14:37:43,565 - INFO - 
2025-08-16 14:37:43,566 - ERROR - ❌ PHASE 6.1 FAILED
2025-08-16 14:37:43,566 - ERROR - Critical issues detected - must resolve before proceeding
2025-08-16 14:37:43,566 - INFO - ================================================================================
